{"/Users/harryfox/Projects/Codewars/JS/vowelCount/getCount.js": {"path":"/Users/harryfox/Projects/Codewars/JS/vowelCount/getCount.js","all":false,"statementMap":{"0":{"start":{"line":1,"column":0},"end":{"line":1,"column":27}},"1":{"start":{"line":2,"column":0},"end":{"line":2,"column":28}},"2":{"start":{"line":3,"column":0},"end":{"line":3,"column":11}},"3":{"start":{"line":4,"column":0},"end":{"line":4,"column":2}},"4":{"start":{"line":5,"column":0},"end":{"line":5,"column":21}},"5":{"start":{"line":6,"column":0},"end":{"line":6,"column":11}},"6":{"start":{"line":7,"column":0},"end":{"line":7,"column":2}},"7":{"start":{"line":8,"column":0},"end":{"line":8,"column":21}},"8":{"start":{"line":9,"column":0},"end":{"line":9,"column":11}},"9":{"start":{"line":10,"column":0},"end":{"line":10,"column":2}},"10":{"start":{"line":11,"column":0},"end":{"line":11,"column":2}},"11":{"start":{"line":12,"column":0},"end":{"line":12,"column":0}},"12":{"start":{"line":13,"column":0},"end":{"line":13,"column":26}}},"s":{"0":1,"1":3,"2":1,"3":1,"4":3,"5":1,"6":1,"7":1,"8":1,"9":1,"10":3,"11":1,"12":1},"branchMap":{"0":{"type":"branch","line":1,"loc":{"start":{"line":1,"column":18},"end":{"line":11,"column":2}},"locations":[{"start":{"line":1,"column":18},"end":{"line":11,"column":2}}]},"1":{"type":"branch","line":2,"loc":{"start":{"line":2,"column":27},"end":{"line":4,"column":2}},"locations":[{"start":{"line":2,"column":27},"end":{"line":4,"column":2}}]},"2":{"type":"branch","line":5,"loc":{"start":{"line":5,"column":-1},"end":{"line":5,"column":5}},"locations":[{"start":{"line":5,"column":-1},"end":{"line":5,"column":5}}]},"3":{"type":"branch","line":5,"loc":{"start":{"line":5,"column":20},"end":{"line":10,"column":2}},"locations":[{"start":{"line":5,"column":20},"end":{"line":10,"column":2}}]}},"b":{"0":[3],"1":[1],"2":[2],"3":[1]},"fnMap":{"0":{"name":"getCount","decl":{"start":{"line":1,"column":18},"end":{"line":11,"column":2}},"loc":{"start":{"line":1,"column":18},"end":{"line":11,"column":2}},"line":1}},"f":{"0":3}}
}
